Arguments: 
  C:\Program Files\nodejs\node.exe C:\Users\ludovic.vachon\AppData\Roaming\npm\node_modules\yarn\bin\yarn.js add @mui/material @emotion/react @emotion/styled

PATH: 
  C:\Program Files\Common Files\Oracle\Java\javapath;C:\Program Files\Python38\Scripts\;C:\Program Files\Python38\;C:\Program Files (x86)\Common Files\Oracle\Java\javapath;C:\windows\system32;C:\windows;C:\windows\System32\Wbem;C:\windows\System32\WindowsPowerShell\v1.0\;C:\windows\System32\OpenSSH\;C:\Python37\;C:\wamp\bin\php\php8.0.7;C:\ProgramData\ComposerSetup\bin;C:\Program Files\Symfony;C:\Users\ludovic.vachon\AppData\Local\Android\Sdk\platform-tools;C:\Program Files\Git\cmd;C:\Program Files\PuTTY\;C:\Program Files\nodejs\;C:\Users\ludovic.vachon\AppData\Local\Programs\Python\Python38-32\Scripts\;C:\Users\ludovic.vachon\AppData\Local\Programs\Python\Python38-32\;C:\Users\ludovic.vachon\.windows-build-tools\python27\;C:\Python37\Scripts\;C:\Python37\;C:\Users\ludovic.vachon\AppData\Local\Microsoft\WindowsApps;%PyCharm Community Edition%;C:\Users\ludovic.vachon\AppData\Local\Programs\Microsoft VS Code\bin;C:\Users\ludovic.vachon\AppData\Roaming\Composer\vendor\bin;C:\Users\ludovic.vachon\AppData\Local\GitHubDesktop\bin;C:\wamp\bin\php\php8.0.7;C:\Users\ludovic.vachon\AppData\Roaming\npm

Yarn version: 
  1.22.10

Node version: 
  16.13.2

Platform: 
  win32 x64

Trace: 
  Error: connect ETIMEDOUT 104.16.22.35:443
      at TCPConnectWrap.afterConnect [as oncomplete] (node:net:1161:16)

npm manifest: 
  {
    "name": "aide_memoire",
    "version": "1.0.0",
    "main": "index.js",
    "license": "MIT",
    "scripts": {
      "client": "cd client && yarn start",
      "back": "cd back && yarn start"
    },
    "dependencies": {
      "@mui/icons-material": "^5.6.2"
    }
  }

yarn manifest: 
  No manifest

Lockfile: 
  # THIS IS AN AUTOGENERATED FILE. DO NOT EDIT THIS FILE DIRECTLY.
  # yarn lockfile v1
  
  
  "@babel/runtime@^7.17.2":
    version "7.17.9"
    resolved "https://registry.yarnpkg.com/@babel/runtime/-/runtime-7.17.9.tgz#d19fbf802d01a8cb6cf053a64e472d42c434ba72"
    integrity sha512-lSiBBvodq29uShpWGNbgFdKYNiFDo5/HIYsaCEY9ff4sb10x9jizo2+pRrSyF4jKZCXqgzuqBOQKbUm90gQwJg==
    dependencies:
      regenerator-runtime "^0.13.4"
  
  "@mui/icons-material@^5.6.2":
    version "5.6.2"
    resolved "https://registry.yarnpkg.com/@mui/icons-material/-/icons-material-5.6.2.tgz#239c40fc5841dc7c6af7d00e4e988550de170fcd"
    integrity sha512-9QdI7axKuBAyaGz4mtdi7Uy1j73/thqFmEuxpJHxNC7O8ADEK1Da3t2veK2tgmsXsUlAHcAG63gg+GvWWeQNqQ==
    dependencies:
      "@babel/runtime" "^7.17.2"
  
  regenerator-runtime@^0.13.4:
    version "0.13.9"
    resolved "https://registry.yarnpkg.com/regenerator-runtime/-/regenerator-runtime-0.13.9.tgz#8925742a98ffd90814988d7566ad30ca3b263b52"
    integrity sha512-p3VT+cOEgxFsRRA9X4lkI1E+k2/CtnKtU4gcxyaCUreilL/vqI6CdZ3wxVUx3UOUg+gnUOQQcRI7BmSI656MYA==
